2024-11-29 23:58:31,661 - worker - INFO - Starting worker worker1 on port 8001...
2024-11-30 10:51:10,809 - worker - INFO - Starting worker worker1 on port 8001...
2024-11-30 11:37:27,584 - worker - INFO - Starting worker worker1 on port 8001...
2024-11-30 11:37:27,611 - worker - INFO - Worker worker1 listening on port 8001...
2024-11-30 11:38:52,389 - worker - INFO - Starting worker worker2 on port 8002...
2024-11-30 11:38:52,439 - worker - INFO - Worker worker2 listening on port 8002...
2024-11-30 11:39:26,308 - worker - INFO - Starting worker worker3 on port 8003...
2024-11-30 11:39:26,331 - worker - INFO - Worker worker3 listening on port 8003...
2024-11-30 11:40:10,523 - worker - INFO - Processing chunk from 0 to 1...
2024-11-30 11:40:10,532 - worker - DEBUG - Processed chunk: {'error_rate': 0.05, 'avg_response_time': 150, 'request_count_per_second': 1000}
2024-11-30 11:40:10,559 - worker - INFO - Processing chunk from 1 to 2...
2024-11-30 11:40:10,569 - worker - DEBUG - Processed chunk: {'error_rate': 0.05, 'avg_response_time': 150, 'request_count_per_second': 1000}
2024-11-30 11:40:10,606 - worker - INFO - Processing chunk from 2 to 4...
2024-11-30 11:40:10,762 - worker - DEBUG - Processed chunk: {'error_rate': 0.05, 'avg_response_time': 150, 'request_count_per_second': 1000}
2024-11-30 11:47:34,340 - worker - INFO - Worker worker1 is reporting health.
2024-11-30 11:49:17,450 - worker - INFO - Worker worker2 is reporting health.
2024-11-30 11:49:33,721 - worker - INFO - Worker worker2 is reporting health.
2024-11-30 11:49:55,088 - worker - INFO - Worker worker3 is reporting health.
2024-11-30 11:50:39,660 - worker - INFO - Worker worker1 is reporting health.
2024-11-30 11:51:10,748 - worker - INFO - Worker worker2 is reporting health.
2024-11-30 11:51:43,802 - worker - INFO - Worker worker3 is reporting health.
2024-11-30 12:05:36,513 - worker - INFO - Processing chunk from 0 to 1...
2024-11-30 12:05:36,613 - worker - DEBUG - Processed chunk: {'error_rate': 0.05, 'avg_response_time': 150, 'request_count_per_second': 1000}
2024-11-30 12:05:37,129 - worker - INFO - Processing chunk from 1 to 2...
2024-11-30 12:05:37,165 - worker - DEBUG - Processed chunk: {'error_rate': 0.05, 'avg_response_time': 150, 'request_count_per_second': 1000}
2024-11-30 12:05:37,300 - worker - INFO - Processing chunk from 2 to 4...
2024-11-30 12:05:37,351 - worker - DEBUG - Processed chunk: {'error_rate': 0.05, 'avg_response_time': 150, 'request_count_per_second': 1000}
2024-11-30 12:08:02,841 - worker - INFO - Worker worker1 is reporting health.
2024-11-30 12:12:06,876 - worker - INFO - Processing chunk from 0 to 1...
2024-11-30 12:12:06,917 - worker - DEBUG - Processed chunk: {'error_rate': 0.05, 'avg_response_time': 150, 'request_count_per_second': 1000}
2024-11-30 12:12:06,981 - worker - INFO - Processing chunk from 1 to 2...
2024-11-30 12:12:07,030 - worker - DEBUG - Processed chunk: {'error_rate': 0.05, 'avg_response_time': 150, 'request_count_per_second': 1000}
2024-11-30 12:12:07,148 - worker - INFO - Processing chunk from 2 to 4...
2024-11-30 12:12:07,264 - worker - DEBUG - Processed chunk: {'error_rate': 0.05, 'avg_response_time': 150, 'request_count_per_second': 1000}
2024-11-30 12:12:16,682 - worker - INFO - Worker worker1 is reporting health.
2024-11-30 12:12:27,462 - worker - INFO - Worker worker2 is reporting health.
2024-11-30 12:12:37,156 - worker - INFO - Worker worker3 is reporting health.
2024-11-30 16:42:12,048 - worker - INFO - Starting worker worker1 on port 8001...
2024-11-30 16:42:12,092 - worker - INFO - Worker worker1 listening on port 8001...
2024-11-30 16:42:14,773 - worker - INFO - Starting worker worker2 on port 8002...
2024-11-30 16:42:14,834 - worker - INFO - Worker worker2 listening on port 8002...
2024-11-30 16:42:18,934 - worker - INFO - Starting worker worker3 on port 8003...
2024-11-30 16:42:19,029 - worker - INFO - Worker worker3 listening on port 8003...
2024-11-30 18:19:05,185 - worker - INFO - Processing chunk from 0 to 1...
2024-11-30 18:19:05,552 - worker - DEBUG - Processed chunk: {'error_rate': 0.05, 'avg_response_time': 150, 'request_count_per_second': 1000}
2024-11-30 18:19:06,684 - worker - INFO - Processing chunk from 1 to 2...
2024-11-30 18:19:06,733 - worker - DEBUG - Processed chunk: {'error_rate': 0.05, 'avg_response_time': 150, 'request_count_per_second': 1000}
2024-11-30 18:19:07,117 - worker - INFO - Processing chunk from 2 to 4...
2024-11-30 18:19:07,146 - worker - DEBUG - Processed chunk: {'error_rate': 0.05, 'avg_response_time': 150, 'request_count_per_second': 1000}
2024-11-30 18:19:14,829 - worker - INFO - Worker worker1 is reporting health.
